<?xml version="1.0" encoding="UTF-8" ?>
<testsuite tests="3" failures="0" name="runner.RunCukesTest" time="0" errors="2" skipped="0">
  <properties>
[...]
</properties>
  <testcase classname="Scenario: Add two numbers" name="Given I am at calculator page" time="0"/>
  <testcase classname="Scenario: Add two numbers" name="When I pass these values" time="0">
    <error message="For input string: &quot;8.3&quot;" type="java.lang.NumberFormatException">java.lang.NumberFormatException: For input string: &quot;8.3&quot;
	at java.lang.NumberFormatException.forInputString(NumberFormatException.java:65)
	at java.lang.Integer.parseInt(Integer.java:580)
	at java.lang.Integer.parseInt(Integer.java:615)
	at definitions.Calc1StepDefinitions.sumTest(Calc1StepDefinitions.java:37)
	at ✽.When I pass these values(Calc1.feature:10)
</error>
    <system-out>Data Table
Total Rows 4
3
2
8
5
</system-out>
  </testcase>
  <testcase classname="Scenario: Add two numbers" name="Scenario: Add two numbers" time="0">
    <error message="For input string: &quot;8.3&quot;" type="java.lang.NumberFormatException">java.lang.NumberFormatException: For input string: &quot;8.3&quot;
	at java.lang.NumberFormatException.forInputString(NumberFormatException.java:65)
	at java.lang.Integer.parseInt(Integer.java:580)
	at java.lang.Integer.parseInt(Integer.java:615)
	at definitions.Calc1StepDefinitions.sumTest(Calc1StepDefinitions.java:37)
	at ✽.When I pass these values(Calc1.feature:10)
</error>
  </testcase>
</testsuite>